  Building GameAssembly.dll with MsvcWinRtToolChain
  	Msvc Install Version: 16.0
  	Msvc Install SDK Directory: C:\Program Files (x86)\Windows Kits\10
  	Msvc Linker Path: C:\Program Files (x86)\Microsoft Visual Studio\2019\Community\VC\Tools\MSVC\14.29.30133\bin\HostX64\ARM64\link.exe
  	Msvc Compiler Path: C:\Program Files (x86)\Microsoft Visual Studio\2019\Community\VC\Tools\MSVC\14.29.30133\bin\HostX64\ARM64\cl.exe
  
  	Output directory: C:\Users\Student\Documents\GitHub\Cap\033120220938\build\bin\ARM64\Release
  	Cache directory: C:\Users\Student\Documents\GitHub\Cap\033120220938\build\obj\il2cppOutputProject\ARM64\Release
  pch-c.c
  pch-cpp.cpp
  Il2CppInteropDataTable.cpp
  Il2CppCCalculateTypeValues.cpp
  Il2CppTypeDefinitions.c
  Il2CppGenericMethodPointerTable.cpp
  Il2CppMetadataUsage.c
  Il2CppCCalculateFieldValues1.cpp
  Il2CppCCalculateFieldValues.cpp
  Il2CppCCalculateTypeValues1.cpp
  Il2CppCCalculateFieldValues2.cpp
  Il2CppInvokerTable.cpp
  Generics13.cpp
  GenericMethods5.cpp
  GenericMethods.cpp
  GenericMethods11.cpp
  Generics21.cpp
  GenericMethods12.cpp
  Il2CppGenericInstDefinitions.c
  GenericMethods1.cpp
  GenericMethods8.cpp
  Il2CppPCCWMethods.cpp
  GenericMethods3.cpp
  Generics59.cpp
  mscorlib_CodeGen.c
  Generics52.cpp
  Generics33.cpp
  Generics32.cpp
  GenericMethods13.cpp
  Il2CppCCWs141.cpp
  GenericMethods9.cpp
  Generics36.cpp
  Generics35.cpp
  GenericMethods16.cpp
  Microsoft.MixedReality.Toolkit.SDK5.cpp
  Microsoft.MixedReality.Toolkit.SDK1.cpp
  Unity.TextMeshPro2.cpp
  Microsoft.MixedReality.Toolkit2.cpp
  Microsoft.MixedReality.Toolkit.SDK6.cpp
  Vuforia.Unity.Engine9.cpp
  System6.cpp
  Il2CppCCWs59.cpp
  System.Core.cpp
  Vuforia.Unity.Engine.cpp
  Generics39.cpp
  Il2CppCCWs142.cpp
  Microsoft.MixedReality.Toolkit.SDK7.cpp
  Generics.cpp
  Vuforia.Unity.Engine7.cpp
  Unity.InputSystem.cpp
  Microsoft.MixedReality.Toolkit1.cpp
  Generics22.cpp
  Vuforia.Unity.Wrapper.cpp
  GenericMethods4.cpp
  Generics10.cpp
  Microsoft.MixedReality.Toolkit.SDK3.cpp
  Vuforia.Unity.Engine6.cpp
  Unity.InputSystem6.cpp
  Microsoft.MixedReality.Toolkit.SDK4.cpp
  Unity.InputSystem2.cpp
  Generics34.cpp
  Vuforia.Unity.Engine8.cpp
  Unity.InputSystem5.cpp
  Assembly-CSharp.cpp
  Generics23.cpp
  System4.cpp
  mscorlib2.cpp
  Generics37.cpp
  Microsoft.MixedReality.Toolkit3.cpp
  Assembly-CSharp1.cpp
  Microsoft.MixedReality.Toolkit.Services.InputSystem.cpp
  GenericMethods6.cpp
  Unity.InputSystem4.cpp
  Vuforia.Unity.Engine2.cpp
  Unity.TextMeshPro.cpp
  Microsoft.MixedReality.Toolkit4.cpp
  Generics1.cpp
  Il2CppGenericClassTable.c
  Il2CppCCalculateTypeValues2.cpp
  Unity.InputSystem3.cpp
  Generics55.cpp
  System5.cpp
  Vuforia.Unity.Engine1.cpp
  Unity.RenderPipelines.Core.Runtime1.cpp
  Il2CppCCWs7.cpp
  Assembly-CSharp3.cpp
  GenericMethods2.cpp
  Microsoft.MixedReality.Toolkit.SDK.cpp
  Il2CppCCWs162.cpp
  System.Core1.cpp
  Generics56.cpp
  Generics12.cpp
  mscorlib23.cpp
  Vuforia.Unity.Engine4.cpp
  Il2CppCCWs121.cpp
  Unity.RenderPipelines.Core.Runtime2.cpp
  Unity.TextMeshPro3.cpp
  mscorlib4.cpp
  Microsoft.MixedReality.Toolkit.cpp
  System.Core2.cpp
  Generics66.cpp
  mscorlib14.cpp
  Generics60.cpp
  Generics40.cpp
  Generics38.cpp
  UnityEngine.UI.cpp
  GenericMethods10.cpp
  Unity.XR.OpenXR.cpp
  Vuforia.Unity.Engine3.cpp
  Unity.InputSystem1.cpp
  System.Xml3.cpp
  System2.cpp
  mscorlib20.cpp
  mscorlib1.cpp
  Generics25.cpp
  Generics61.cpp
  Generics11.cpp
  Generics63.cpp
  Il2CppGenericAdjustorThunkTable.cpp
  UnityEngine.CoreModule.cpp
  Generics65.cpp
  Il2CppCCalculateFieldValues3.cpp
  Microsoft.MixedReality.Toolkit.SDK2.cpp
  Generics24.cpp
  mscorlib7.cpp
  Generics9.cpp
  UnityEngine.CoreModule1.cpp
  Unity.TextMeshPro1.cpp
  GenericMethods14.cpp
  Generics51.cpp
  UnityEngine.CoreModule2.cpp
  Generics8.cpp
  Generics30.cpp
  Generics20.cpp
  mscorlib10.cpp
  mscorlib9.cpp
  Il2CppGenericMethodTable.c
  System.Xml2.cpp
  System.cpp
  System1.cpp
  System.Xml1.cpp
  Unity.RenderPipelines.Core.Runtime.cpp
  mscorlib18.cpp
  mscorlib.cpp
  mscorlib22.cpp
  mscorlib19.cpp
  mscorlib8.cpp
  Assembly-CSharp2.cpp
  Microsoft.MixedReality.Toolkit.Services.InputSimulation.cpp
  Generics26.cpp
  UnresolvedVirtualCallStubs.cpp
  Generics3.cpp
  System.Xml.cpp
  mscorlib16.cpp
  GenericMethods7.cpp
  Generics6.cpp
  Unity.XR.ARFoundation.cpp
  Generics2.cpp
  mscorlib5.cpp
  mscorlib21.cpp
  Vuforia.Unity.Engine_CodeGen.c
  mscorlib15.cpp
  Microsoft.MixedReality.OpenXR.cpp
  Generics62.cpp
  UnityEngine.UI2.cpp
  Assembly-CSharp4.cpp
  Vuforia.Unity.Engine5.cpp
  Generics67.cpp
  mscorlib12.cpp
  Unity.TextMeshPro4.cpp
  Generics53.cpp
  Generics69.cpp
  Generics7.cpp
  Generics5.cpp
  Microsoft.MixedReality.Toolkit.SDK_Attr.cpp
  Generics27.cpp
  mscorlib11.cpp
  mscorlib6.cpp
  Generics4.cpp
  Generics64.cpp
  Generics58.cpp
  Generics31.cpp
  Generics29.cpp
  Generics57.cpp
  Il2CppGenericMethodDefinitions.c
  Vuforia.Unity.Engine_Attr.cpp
  Unity.InputSystem7.cpp
  mscorlib17.cpp
  mscorlib3.cpp
  mscorlib13.cpp
  UnityEngine.UI1.cpp
  Unity.InputSystem_Attr.cpp
  Generics54.cpp
  Generics68.cpp
  UnityEngine.CoreModule_Attr.cpp
  Generics28.cpp
  Generics18.cpp
  Unity.InputSystem_CodeGen.c
  UnityEngine.UI3.cpp
  Unity.XR.ARSubsystems.cpp
  Generics16.cpp
  System.Xml4.cpp
  Microsoft.MixedReality.Toolkit_Attr.cpp
  Generics17.cpp
  Generics15.cpp
  GenericMethods15.cpp
  Generics19.cpp
  Mono.Security.cpp
  Generics14.cpp
  Microsoft.MixedReality.Toolkit.SDK_CodeGen.c
  Generics49.cpp
  Microsoft.MixedReality.Toolkit.Providers.OpenXR.cpp
  mscorlib24.cpp
  Generics41.cpp
  Microsoft.MixedReality.Toolkit.Gltf.cpp
  Generics50.cpp
  Microsoft.MixedReality.Toolkit.Providers.WindowsSceneUnderstanding.cpp
  Generics48.cpp
  Il2CppCCWs150.cpp
  Il2CppCCWs161.cpp
  Generics45.cpp
  Il2CppCCWs139.cpp
  Il2CppCCWs140.cpp
  Unity.TextMeshPro5.cpp
  mscorlib_Attr.cpp
  AzureSpatialAnchors.SDK.Core.Runtime.cpp
  Microsoft.MixedReality.Toolkit_CodeGen.c
  Microsoft.Windows.MixedReality.DotNetWinRT.cpp
  Generics42.cpp
  Generics44.cpp
  Microsoft.MixedReality.Toolkit.Services.InputAnimation.cpp
  Generics47.cpp
  Generics46.cpp
  Generics43.cpp
  System_CodeGen.c
  Il2CppCCTypeValuesTable.cpp
  Il2CppCCWs145.cpp
  Il2CppCCWs152.cpp
  Microsoft.MixedReality.Toolkit.Providers.XRSDK.cpp
  System.Core3.cpp
  Microsoft.MixedReality.Toolkit.Services.SceneSystem.cpp
  Microsoft.MixedReality.Input.DotNet.cpp
  UnityEngine.CoreModule_CodeGen.c
  System3.cpp
  Il2CppCCWs154.cpp
  Microsoft.MixedReality.Toolkit.Providers.WindowsMixedReality.Shared.cpp
  VuforiaScripts.cpp
  Microsoft.MixedReality.Toolkit.Providers.XRSDK.WindowsMixedReality.cpp
  Il2CppCCWs68.cpp
  Il2CppCCWs.cpp
  UnityEngine.IMGUIModule.cpp
  System7.cpp
  System.Core_CodeGen.c
  Il2CppCCWs147.cpp
  WindowsRuntimeMetadata.cpp
  Unity.XR.Oculus.cpp
  Microsoft.ObjectAnchors.Runtime.Core.cpp
  Il2CppCCWs180.cpp
  Microsoft.ObjectAnchors.Runtime.Api.WSA.cpp
  Il2CppCCWs160.cpp
  Il2CppCCWs148.cpp
  Il2CppCCWs153.cpp
  Il2CppCCWs163.cpp
  Il2CppCCWs111.cpp
  System.Xml_CodeGen.c
  UnityEngine.XRModule.cpp
  UnityEngine.CoreModule3.cpp
  Microsoft.MixedReality.Toolkit.Extensions.SceneTransitionService.cpp
  Microsoft.MixedReality.Toolkit.Services.InputSystem1.cpp
  Il2CppCCWs175.cpp
  Microsoft.MixedReality.Toolkit.Services.DiagnosticsSystem.cpp
  Il2CppCCWs44.cpp
  Il2CppCCWs146.cpp
  I18N.cpp
  Il2CppCCWs171.cpp
  Il2CppCCWs176.cpp
  Vuforia.Unity.Engine10.cpp
  Il2CppCCWs42.cpp
  Il2CppCCWs40.cpp
  Unity.RenderPipelines.Universal.Runtime.cpp
  Assembly-CSharp_CodeGen.c
  AzureSpatialAnchors.SDK.Windows.Runtime.cpp
  Il2CppCCWs179.cpp
  I18N.CJK.cpp
  Il2CppCCWs158.cpp
  Il2CppCCWs156.cpp
  Il2CppCCWs41.cpp
  Il2CppCCWs43.cpp
  Il2CppCCFieldValuesTable.cpp
  Microsoft.MixedReality.Toolkit.Providers.WindowsVoiceInput.cpp
  UnityEngine.AndroidJNIModule.cpp
  Il2CppCCWs110.cpp
  UnityEngine.UnityWebRequestModule.cpp
  Il2CppCCWs118.cpp
  Il2CppCCWs45.cpp
  Il2CppCCWs132.cpp
  Il2CppCCWs67.cpp
  Il2CppCCWs164.cpp
  Il2CppCCWs56.cpp
  Il2CppCCWs155.cpp
  Unity.RenderPipelines.Core.Runtime_CodeGen.c
  Il2CppCCWs6.cpp
  Unity.XR.OpenXR_Attr.cpp
  Il2CppCCWs177.cpp
  Il2CppCCWs159.cpp
  Microsoft.MixedReality.SceneUnderstanding.Projections.WSA.cpp
  Il2CppCCWs115.cpp
  Il2CppCCWs113.cpp
  Il2CppCCWs117.cpp
  Il2CppCCWs53.cpp
  Il2CppCCWs112.cpp
  Il2CppCCWs109.cpp
  UnityEngine.UI_CodeGen.c
  Il2CppCCWs119.cpp
  Il2CppCCWs64.cpp
  Il2CppCCWs65.cpp
  Il2CppCCWs157.cpp
  Il2CppCCWs170.cpp
  Il2CppCCWs116.cpp
  Mono.Security1.cpp
  Il2CppCCWs69.cpp
  Il2CppCCWs114.cpp
  Il2CppCCWs46.cpp
  Il2CppCCWs120.cpp
  Unity.TextMeshPro_CodeGen.c
  Il2CppCCWs135.cpp
  Il2CppCCWs39.cpp
  Il2CppCCWs47.cpp
  char-conversions.cpp
  System_Attr.cpp
  Il2CppCCWs50.cpp
  I18N.Rare4.cpp
  Il2CppCCWs149.cpp
  I18N.Rare2.cpp
  Il2CppCCWs138.cpp
  Il2CppCCWs49.cpp
  Il2CppCCWs52.cpp
  Il2CppCCWs133.cpp
  I18N.Rare.cpp
  Il2CppCCWs48.cpp
  I18N.Rare1.cpp
  Il2CppCCWs54.cpp
  Unity.RenderPipelines.Core.Runtime_Attr.cpp
  Il2CppCCWs55.cpp
  Il2CppCCWs51.cpp
  Il2CppCCWs134.cpp
  Il2CppCCWs151.cpp
  I18N.Rare3.cpp
  Il2CppCCWs168.cpp
  Il2CppCCWs66.cpp
  Il2CppCCWs167.cpp
  Il2CppCCWs137.cpp
  I18N.West.cpp
  Il2CppCCWs63.cpp
  System.Core_Attr.cpp
  Il2CppCCWs136.cpp
  Il2CppCCWs62.cpp
  UnityEngine.UI_Attr.cpp
  Il2CppCCWs166.cpp
  Vuforia.Unity.Wrapper_CodeGen.c
  I18N.Other.cpp
  Il2CppCCWs4.cpp
  Il2CppCCWs5.cpp
  I18N.West1.cpp
  Il2CppCCWs3.cpp
  Generics70.cpp
  Il2CppCCWs2.cpp
  Il2CppCCWs173.cpp
  Assembly-CSharp_Attr.cpp
  Il2CppCCWs61.cpp
  Unity.XR.Oculus_Attr.cpp
  UnityEngine.TextCoreModule.cpp
  UnityEngine.PhysicsModule.cpp
  UnityEngine.AnimationModule.cpp
  Il2CppCCWs126.cpp
  Il2CppCCWs123.cpp
  Il2CppCCWs165.cpp
  UnityEngine.TerrainModule.cpp
  I18N.MidEast.cpp
  Il2CppCCWs127.cpp
  Il2CppCCWs143.cpp
  UnityEngine.UIModule.cpp
  System.Numerics.cpp
  Unity.TextMeshPro_Attr.cpp
  Microsoft.MixedReality.OpenXR_Attr.cpp
  System.Runtime.WindowsRuntime.cpp
  Il2CppCCWs174.cpp
  Il2CppCCWs124.cpp
  Il2CppCCWs181.cpp
  Il2CppCCWs60.cpp
  Il2CppCCWs129.cpp
  UnityEngine.AudioModule.cpp
  UnityEngine.TextRenderingModule.cpp
  Il2CppCCWs122.cpp
  Microsoft.MixedReality.Toolkit.Services.TeleportSystem.cpp
  Microsoft.MixedReality.Toolkit.Async.cpp
  Il2CppCCWs144.cpp
  Il2CppCCWs73.cpp
  Il2CppCCWs125.cpp
  Microsoft.MixedReality.Toolkit.Services.InputSimulation_Attr.cpp
  Il2CppCCWs128.cpp
  Unity.XR.Management.cpp
  Microsoft.MixedReality.Toolkit.Extensions.HandPhysics.cpp
  Microsoft.MixedReality.Toolkit.Services.SpatialAwarenessSystem.cpp
  Unity.XR.ARFoundation_Attr.cpp
  Il2CppCCWs172.cpp
  UnityEngine.IMGUIModule_Attr.cpp
  Unity.XR.ARSubsystems_CodeGen.c
  UnityEngine.XRModule_Attr.cpp
  Microsoft.MixedReality.Toolkit.Extensions.Tracking.cpp
  UnityEngine.SubsystemsModule.cpp
  UnityEngine.AnimationModule_Attr.cpp
  UnityEngine.PhysicsModule_Attr.cpp
  UnityEngine.SpatialTracking.cpp
  Il2CppCCWs169.cpp
  Il2CppCCWs130.cpp
  Il2CppCCWs1.cpp
  Il2CppCCWs131.cpp
  Unity.XR.OpenXR_CodeGen.c
  UnityEngine.InputLegacyModule.cpp
  Unity.XR.ARSubsystems_Attr.cpp
  UnityEngine.SharedInternalsModule.cpp
  Microsoft.MixedReality.Toolkit.Services.CameraSystem.cpp
  Unity.XR.OpenXR.Features.MockRuntime.cpp
  UnityEngine.Physics2DModule.cpp
  UnityEngine.AudioModule_Attr.cpp
  Microsoft.MixedReality.Toolkit.Services.InputSystem_Attr.cpp
  Il2CppCCWs178.cpp
  Microsoft.MixedReality.Toolkit.Services.InputSystem_CodeGen.c
  Il2CppCCWs71.cpp
  Il2CppCCWs108.cpp
  UnityEngine.ParticleSystemModule.cpp
  Il2CppCCWs94.cpp
  Il2CppCCWs86.cpp
  Il2CppCCWs96.cpp
  Il2CppCCWs97.cpp
  Il2CppCCWs98.cpp
  Microsoft.MixedReality.OpenXR_CodeGen.c
  Microsoft.MixedReality.Toolkit.PlaneFinding.cpp
  Il2CppCCWs87.cpp
  UnityEngine.Physics2DModule_Attr.cpp
  UnityEngine.ParticleSystemModule_Attr.cpp
  Il2CppCCWs78.cpp
  Il2CppCCWs75.cpp
  Il2CppCCWs80.cpp
  UnityEngine.SharedInternalsModule_Attr.cpp
  Unity.XR.ARFoundation_CodeGen.c
  UnityEngine.AndroidJNIModule_Attr.cpp
  UnityEngine.TextCoreModule_Attr.cpp
  Il2CppCCWs92.cpp
  Il2CppCCWs85.cpp
  Il2CppCCWs79.cpp
  Il2CppCCWs77.cpp
  Il2CppCCWs74.cpp
  Microsoft.MixedReality.Toolkit.Demos.UX.Interactables.cpp
  Il2CppCCWs105.cpp
  Il2CppCCWs90.cpp
  Il2CppCCWs100.cpp
  Il2CppCCWs76.cpp
  Il2CppCCWs70.cpp
  Il2CppCCWs95.cpp
  System.Xml_Attr.cpp
  Microsoft.MixedReality.Toolkit.Services.InputAnimation_Attr.cpp
  Microsoft.MixedReality.Toolkit.Providers.WindowsSceneUnderstanding_Attr.cpp
  Il2CppCCWs101.cpp
  WindowsRuntimeMetadata_CodeGen.c
  UnityEngine.TextRenderingModule_Attr.cpp
  Il2CppCCWs72.cpp
  UnityEngine.VFXModule_Attr.cpp
  UnityEngine.UnityWebRequestModule_Attr.cpp
  Il2CppCCWs99.cpp
  Il2CppCCWs103.cpp
  Il2CppCCWs107.cpp
  Il2CppCCWs102.cpp
  Il2CppCCWs106.cpp
  Il2CppCCWs84.cpp
  Microsoft.MixedReality.Toolkit.Services.InputSimulation_CodeGen.c
  Il2CppCCWs91.cpp
  Microsoft.MixedReality.Toolkit.Extensions.SceneTransitionService_Attr.cpp
  Il2CppCCWs89.cpp
  UnityEngine.UIModule_Attr.cpp
  Il2CppCCWs93.cpp
  Il2CppCCWs88.cpp
  UnityEngine.TilemapModule_Attr.cpp
  Il2CppCCWs82.cpp
  Il2CppCCWs83.cpp
  Il2CppCCWs104.cpp
  Microsoft.MixedReality.Toolkit.Services.SceneSystem_Attr.cpp
  Mono.Security_CodeGen.c
  UnityEngine.VideoModule_Attr.cpp
  Microsoft.MixedReality.Toolkit.Providers.OpenXR_Attr.cpp
  AzureSpatialAnchors.SDK.Core.Runtime_Attr.cpp
  UnityEngine.SubsystemsModule_Attr.cpp
  UnityEngine.TerrainModule_Attr.cpp
  UnityEngine.UnityAnalyticsModule_Attr.cpp
  Il2CppCCWs58.cpp
  Il2CppCCWs81.cpp
  UnityEngine.VRModule_Attr.cpp
  Microsoft.Windows.MixedReality.DotNetWinRT_CodeGen.c
  UnityEngine.UIElementsNativeModule.cpp
  UnityEngine.InputLegacyModule_Attr.cpp
  UnityEngine.UnityAnalyticsModule.cpp
  UnityEngine.TilemapModule.cpp
  Microsoft.MixedReality.Toolkit.Providers.WindowsMixedReality.Shared_Attr.cpp
  UnityEngine.GridModule_Attr.cpp
  Microsoft.MixedReality.Toolkit.Gltf_Attr.cpp
  UnityEngine.UIElementsNativeModule_Attr.cpp
  UnityEngine.VFXModule.cpp
  Il2CppCCWs28.cpp
  Il2CppCCWs33.cpp
  Il2CppCCWs57.cpp
  Microsoft.MixedReality.Input.DotNet_CodeGen.c
  Il2CppCCWs13.cpp
  Il2CppCCWs27.cpp
  UnityEngine.VideoModule.cpp
  UnityEngine.ImageConversionModule_Attr.cpp
  Microsoft.ObjectAnchors.Runtime.Core_Attr.cpp
  UnityEngine.AIModule_Attr.cpp
  Microsoft.MixedReality.Toolkit.Providers.XRSDK.WindowsMixedReality_Attr.cpp
  Il2CppCCWs15.cpp
  UnityEngine.InputModule_Attr.cpp
  Il2CppCCWs14.cpp
  UnityEngine.DirectorModule_Attr.cpp
  UnityEngine.JSONSerializeModule_Attr.cpp
  UnityEngine.SpriteShapeModule_Attr.cpp
  UnityEngine.UnityWebRequestWWWModule_Attr.cpp
  Unity.XR.OpenXR.Features.ConformanceAutomation.cpp
  Il2CppCCWs21.cpp
  Il2CppCCWs34.cpp
  UnityEngine.AssetBundleModule_Attr.cpp
  Il2CppCCWs20.cpp
  Il2CppCCWs37.cpp
  Il2CppCCWs26.cpp
  Il2CppCCWs25.cpp
  Il2CppCCWs16.cpp
  Unity.XR.Oculus_CodeGen.c
  AzureSpatialAnchors.SDK.Windows.Runtime_CodeGen.c
  Il2CppCCWs35.cpp
  Vuforia.Unity.Wrapper_Attr.cpp
  UnityEngine.ARModule_Attr.cpp
  Il2CppCCWs24.cpp
  Il2CppCCWs8.cpp
  Il2CppCCWs31.cpp
  Il2CppCCWs11.cpp
  deflate.c
  Il2CppCCWs19.cpp
  Il2CppCCWs12.cpp
  Il2CppCCWs30.cpp
  Il2CppCCWs9.cpp
  Mono.Security_Attr.cpp
  Il2CppCCWs18.cpp
  Il2CppCCWs22.cpp
  Il2CppCCWs38.cpp
  Il2CppCCWs36.cpp
  Il2CppCCWs10.cpp
  Il2CppCCWs29.cpp
  Il2CppCCWs23.cpp
  Il2CppCCWs32.cpp
  Microsoft.ObjectAnchors.Runtime.Api.WSA_CodeGen.c
  Il2CppCCWs17.cpp
  Microsoft.Windows.MixedReality.DotNetWinRT_Attr.cpp
  UnityEngine.IMGUIModule_CodeGen.c
  Microsoft.MixedReality.Toolkit.Services.InputAnimation_CodeGen.c
  Microsoft.MixedReality.Toolkit.Providers.XRSDK_Attr.cpp
  Microsoft.MixedReality.Toolkit.Async_Attr.cpp
  Microsoft.MixedReality.Toolkit5.cpp
  Microsoft.MixedReality.Toolkit.Extensions.Tracking_Attr.cpp
  UnityEngine.XRModule_CodeGen.c
  Microsoft.MixedReality.Toolkit.Providers.WindowsVoiceInput_Attr.cpp
  UnityEngine.InputModule.cpp
  Microsoft.MixedReality.Toolkit.Extensions.HandPhysics_Attr.cpp
  AzureSpatialAnchors.SDK.Windows.Runtime_Attr.cpp
  Microsoft.ObjectAnchors.Runtime.Api.WSA_Attr.cpp
  AzureSpatialAnchors.SDK.Core.Runtime_CodeGen.c
  I18N.Rare_CodeGen.c
  Microsoft.MixedReality.Toolkit.Services.DiagnosticsSystem_Attr.cpp
  Unity.XR.OpenXR.Features.RuntimeDebugger.cpp
  Unity.XR.Management_Attr.cpp
  Microsoft.MixedReality.Input.DotNet_Attr.cpp
  UnityEngine.UnityWebRequestWWWModule.cpp
  Microsoft.MixedReality.Toolkit.Services.SceneSystem_CodeGen.c
  Microsoft.MixedReality.Toolkit.Providers.WindowsSceneUnderstanding_CodeGen.c
  UnityEngine.AndroidJNIModule_CodeGen.c
  I18N.CJK_CodeGen.c
  UnityEngine.VRModule.cpp
  Unity.RenderPipelines.Universal.Runtime_Attr.cpp
  VuforiaScripts_Attr.cpp
  System.Configuration.cpp
  Microsoft.ObjectAnchors.Runtime.Core_CodeGen.c
  UnityEngine.JSONSerializeModule.cpp
  Microsoft.MixedReality.Toolkit.Gltf_CodeGen.c
  System.Configuration_Attr.cpp
  System.Numerics_Attr.cpp
  UnityEngine.PhysicsModule_CodeGen.c
  inflate.c
  System.Runtime.Serialization_Attr.cpp
  Microsoft.MixedReality.Toolkit.Providers.OpenXR_CodeGen.c
  UnityEngine.TextCoreModule_CodeGen.c
  Microsoft.MixedReality.Toolkit.Providers.WindowsMixedReality.Shared_CodeGen.c
  Il2CppGenericComDefinitions8.cpp
  Microsoft.MixedReality.Toolkit.Demos.UX.Interactables_Attr.cpp
  Microsoft.MixedReality.Toolkit.Extensions.SceneTransitionService_CodeGen.c
  trees.c
  UnityEngine.AssetBundleModule.cpp
  Microsoft.MixedReality.SceneUnderstanding.Projections.WSA_CodeGen.c
  Microsoft.MixedReality.Toolkit.Providers.XRSDK.WindowsMixedReality_CodeGen.c
  UnityEngine.UnityWebRequestModule_CodeGen.c
  UnityEngine.AnimationModule_CodeGen.c
  System.Numerics.Vectors_Attr.cpp
  Microsoft.MixedReality.Toolkit.Services.DiagnosticsSystem_CodeGen.c
  VuforiaScripts_CodeGen.c
  Microsoft.MixedReality.SceneUnderstanding.Projections.WSA_Attr.cpp
  System.Runtime.WindowsRuntime_Attr.cpp
  UnityEngine.UIModule_CodeGen.c
  Il2CppReversePInvokeWrapperTable.cpp
  UnityEngine.SpatialTracking_Attr.cpp
  System.Runtime.WindowsRuntime_CodeGen.c
  Unity.XR.OpenXR.Features.MockRuntime_Attr.cpp
  xamarin_getifaddrs.c
  UnityEngine.ARModule.cpp
  Il2CppGenericComDefinitions209.cpp
  Microsoft.MixedReality.Toolkit.Services.CameraSystem_Attr.cpp
  I18N_CodeGen.c
  System.Runtime.WindowsRuntime.UI.Xaml.cpp
  System.Diagnostics.StackTrace_Attr.cpp
  UnityEngine.AudioModule_CodeGen.c
  System.IO.Compression_Attr.cpp
  System.Globalization.Extensions_Attr.cpp
  System.Runtime.InteropServices_Attr.cpp
  Microsoft.MixedReality.Toolkit.Services.SpatialAwarenessSystem_Attr.cpp
  System.Runtime.InteropServices.WindowsRuntime_Attr.cpp
  System.Threading.Tasks_Attr.cpp
  System.Runtime.Handles_Attr.cpp
  System.Collections_Attr.cpp
  System.ObjectModel_Attr.cpp
  System.Runtime_Attr.cpp
  System.Reflection_Attr.cpp
  System.Threading_Attr.cpp
  netstandard_Attr.cpp
  Microsoft.MixedReality.Toolkit.Providers.XRSDK_CodeGen.c
  UnityEngine.SubsystemsModule_CodeGen.c
  I18N.West_CodeGen.c
  UnityEngine.ParticleSystemModule_CodeGen.c
  Microsoft.MixedReality.Toolkit.Services.TeleportSystem_Attr.cpp
  UnityEngine.AIModule.cpp
  Microsoft.MixedReality.Toolkit.Async_CodeGen.c
  I18N.Other_CodeGen.c
  Unity.XR.Management_CodeGen.c
  WindowsRuntimeMetadata_Attr.cpp
  UnityEngine.DirectorModule.cpp
  Microsoft.MixedReality.Toolkit.Providers.WindowsVoiceInput_CodeGen.c
  UnityEngine.SharedInternalsModule_CodeGen.c
  infback.c
  gzread.c
C:\Users\Student\Documents\GitHub\Cap\033120220938\Il2CppOutputProject\IL2CPP\external\zlib\gzread.c(319): warning C4267: '=': conversion from 'size_t' to 'unsigned int', possible loss of data
C:\Users\Student\Documents\GitHub\Cap\033120220938\Il2CppOutputProject\IL2CPP\external\zlib\gzread.c(400): warning C4267: '=': conversion from 'size_t' to 'unsigned int', possible loss of data
C:\Users\Student\Documents\GitHub\Cap\033120220938\Il2CppOutputProject\IL2CPP\external\zlib\gzread.c(472): warning C4267: '=': conversion from 'size_t' to 'int', possible loss of data
  UnityEngine.Physics2DModule_CodeGen.c
  UnityEngine.TextRenderingModule_CodeGen.c
  Unity.RenderPipelines.Universal.Runtime_CodeGen.c
  gzwrite.c
C:\Users\Student\Documents\GitHub\Cap\033120220938\Il2CppOutputProject\IL2CPP\external\zlib\gzwrite.c(212): warning C4267: '=': conversion from 'size_t' to 'unsigned int', possible loss of data
C:\Users\Student\Documents\GitHub\Cap\033120220938\Il2CppOutputProject\IL2CPP\external\zlib\gzwrite.c(232): warning C4267: '=': conversion from 'size_t' to 'unsigned int', possible loss of data
C:\Users\Student\Documents\GitHub\Cap\033120220938\Il2CppOutputProject\IL2CPP\external\zlib\gzwrite.c(371): warning C4267: '=': conversion from 'size_t' to 'int', possible loss of data
  UnityEngine.InputLegacyModule_CodeGen.c
  Il2CppCodeRegistration.cpp
  il2cpp-api.cpp
  System.Runtime.WindowsRuntime.UI.Xaml_Attr.cpp
  System.Numerics_CodeGen.c
  Microsoft.MixedReality.Toolkit.PlaneFinding_Attr.cpp
  Unity.XR.OpenXR.Features.MockRuntime_CodeGen.c
  I18N_Attr.cpp
  Microsoft.MixedReality.Toolkit.Extensions.HandPhysics_CodeGen.c
  UnityEngine.TerrainModule_CodeGen.c
  Il2CppGenericComDefinitions91.cpp
  gzlib.c
  crc32.c
  I18N.MidEast_Attr.cpp
  I18N.Other_Attr.cpp
  I18N.West_Attr.cpp
  I18N.CJK_Attr.cpp
  I18N.Rare_Attr.cpp
  inftrees.c
  UnityEngine.SpatialTracking_CodeGen.c
  inffast.c
  Unity.XR.OpenXR.Features.OculusQuestSupport.cpp
  System.Runtime.Serialization.cpp
  I18N.MidEast_CodeGen.c
  UnityEngine.ImageConversionModule.cpp
  Microsoft.MixedReality.Toolkit.Services.SpatialAwarenessSystem_CodeGen.c
  Microsoft.MixedReality.Toolkit.Extensions.Tracking_CodeGen.c
  Unity.XR.OpenXR.Features.ConformanceAutomation_Attr.cpp
  Unity.XR.OpenXR.Features.RuntimeDebugger_Attr.cpp
  UnityEngine.TilemapModule_CodeGen.c
  Unity.XR.OpenXR.Features.OculusQuestSupport_Attr.cpp
  UnityEngine.VideoModule_CodeGen.c
  UnityEngine_Attr.cpp
  Microsoft.MixedReality.Toolkit.Services.TeleportSystem_CodeGen.c
  UnityEngine.VFXModule_CodeGen.c
  Microsoft.MixedReality.Toolkit.Services.CameraSystem_CodeGen.c
  Unity.XR.OpenXR.Features.ConformanceAutomation_CodeGen.c
  UnityEngine.UIElementsNativeModule_CodeGen.c
  Microsoft.MixedReality.Toolkit.PlaneFinding_CodeGen.c
  UnityEngine.InputModule_CodeGen.c
  Microsoft.MixedReality.Toolkit.Demos.UX.Interactables_CodeGen.c
  System.Configuration_CodeGen.c
  UnityEngine.UnityAnalyticsModule_CodeGen.c
  zutil.c
  Unity.XR.OpenXR.Features.RuntimeDebugger_CodeGen.c
  uncompr.c
  UnityEngine.VRModule_CodeGen.c
  UnityEngine.SpriteShapeModule.cpp
  UnityEngine.UnityWebRequestWWWModule_CodeGen.c
  adler32.c
  UnityEngine.GridModule.cpp
  System.Runtime.Serialization_CodeGen.c
  compress.c
  System.Runtime.WindowsRuntime.UI.Xaml_CodeGen.c
  UnityEngine.AIModule_CodeGen.c
  UnityEngine.ARModule_CodeGen.c
  UnityEngine.JSONSerializeModule_CodeGen.c
  UnityAdsStubs.cpp
  UnityEngine.DirectorModule_CodeGen.c
  UnityEngine.ImageConversionModule_CodeGen.c
  krait_signal_handler.c
  Unity.XR.OpenXR.Features.OculusQuestSupport_CodeGen.c
  Il2CppMetadataRegistration.c
  UnityEngine.GridModule_CodeGen.c
  netstandard.cpp
  System.Collections.cpp
  System.Diagnostics.StackTrace.cpp
  System.IO.Compression.cpp
  System.Globalization.Extensions.cpp
  System.Numerics.Vectors.cpp
  System.Runtime.cpp
  System.Reflection.cpp
  System.ObjectModel.cpp
  System.Runtime.Handles.cpp
  Lump_libil2cpp_utils.cpp
  System.Runtime.Serialization.Xml.cpp
  Lump_libil2cpp_vm-utils.cpp
  System.Runtime.InteropServices.WindowsRuntime.cpp
  System.Threading.Tasks.cpp
  System.Xml.XPath.XDocument.cpp
  UnityEngine.cpp
  Lump_libil2cpp_metadata.cpp
  Lump_libil2cpp_icalls.cpp
  System.Runtime.InteropServices.cpp
  System.Threading.cpp
  il2cpp-benchmark-support.cpp
  System.Runtime.InteropServices_CodeGen.c
  System.Runtime.InteropServices.WindowsRuntime_CodeGen.c
  gzclose.c
  System.Globalization.Extensions_CodeGen.c
  System.Diagnostics.StackTrace_CodeGen.c
  UnityEngine.AssetBundleModule_CodeGen.c
  UnityEngine.SpriteShapeModule_CodeGen.c
  System.Numerics.Vectors_CodeGen.c
  System.Collections_CodeGen.c
  System.Threading.Tasks_CodeGen.c
  System.Runtime.Handles_CodeGen.c
  System.IO.Compression_CodeGen.c
  gc.c
  System.ObjectModel_CodeGen.c
  System.Reflection_CodeGen.c
  System.Threading_CodeGen.c
  System.Runtime_CodeGen.c
  UnityEngine_CodeGen.c
  netstandard_CodeGen.c
  System.Xml.XPath.XDocument_CodeGen.c
  Lump_libil2cpp_mono.cpp
  System.Runtime.Serialization.Xml_CodeGen.c
  System.Runtime.Serialization.Xml_Attr.cpp
  Il2CppGenericComDefinitions.cpp
  System.Xml.XPath.XDocument_Attr.cpp
  Il2CppGenericComDefinitions100.cpp
  Il2CppGenericComDefinitions101.cpp
  Il2CppGenericComDefinitions10.cpp
  Il2CppGenericComDefinitions1.cpp
  Il2CppGenericComDefinitions102.cpp
  Il2CppGenericComDefinitions103.cpp
  Il2CppGenericComDefinitions104.cpp
  Il2CppGenericComDefinitions105.cpp
  Il2CppGenericComDefinitions106.cpp
  Il2CppGenericComDefinitions108.cpp
  Il2CppGenericComDefinitions109.cpp
  Il2CppGenericComDefinitions11.cpp
  Il2CppGenericComDefinitions107.cpp
  Lump_libil2cpp_gc.cpp
  Il2CppGenericComDefinitions110.cpp
  Il2CppGenericComDefinitions111.cpp
  Il2CppGenericComDefinitions112.cpp
  Il2CppGenericComDefinitions113.cpp
  Il2CppGenericComDefinitions115.cpp
  Il2CppGenericComDefinitions114.cpp
  Il2CppGenericComDefinitions118.cpp
  Il2CppGenericComDefinitions117.cpp
  Il2CppGenericComDefinitions119.cpp
  Il2CppGenericComDefinitions116.cpp
  Lump_libil2cpp_codegen.cpp
  Il2CppGenericComDefinitions12.cpp
  Il2CppGenericComDefinitions121.cpp
  Il2CppGenericComDefinitions120.cpp
  Il2CppGenericComDefinitions122.cpp
  Il2CppGenericComDefinitions124.cpp
  Il2CppGenericComDefinitions125.cpp
  Il2CppGenericComDefinitions123.cpp
  Il2CppGenericComDefinitions128.cpp
  Il2CppGenericComDefinitions129.cpp
  Il2CppGenericComDefinitions126.cpp
  Il2CppGenericComDefinitions131.cpp
  Il2CppGenericComDefinitions130.cpp
  Il2CppGenericComDefinitions13.cpp
  Il2CppGenericComDefinitions127.cpp
  Il2CppGenericComDefinitions132.cpp
  Il2CppGenericComDefinitions133.cpp
  Il2CppGenericComDefinitions136.cpp
  Il2CppGenericComDefinitions139.cpp
  Il2CppGenericComDefinitions138.cpp
  Il2CppGenericComDefinitions137.cpp
  Il2CppGenericComDefinitions134.cpp
  Il2CppGenericComDefinitions135.cpp
  Il2CppGenericComDefinitions14.cpp
  Il2CppGenericComDefinitions140.cpp
  Il2CppGenericComDefinitions141.cpp
  Il2CppGenericComDefinitions143.cpp
  Il2CppGenericComDefinitions146.cpp
  Il2CppGenericComDefinitions145.cpp
  Il2CppGenericComDefinitions142.cpp
  Il2CppGenericComDefinitions144.cpp
  Il2CppGenericComDefinitions149.cpp
  Il2CppGenericComDefinitions148.cpp
  Il2CppGenericComDefinitions147.cpp
  Il2CppGenericComDefinitions150.cpp
  Il2CppGenericComDefinitions15.cpp
  Il2CppGenericComDefinitions151.cpp
  Il2CppGenericComDefinitions152.cpp
  Il2CppGenericComDefinitions154.cpp
  Il2CppGenericComDefinitions153.cpp
  Il2CppGenericComDefinitions156.cpp
  Il2CppGenericComDefinitions155.cpp
  Il2CppGenericComDefinitions159.cpp
  Il2CppGenericComDefinitions158.cpp
  Il2CppGenericComDefinitions157.cpp
  Il2CppGenericComDefinitions161.cpp
  Il2CppGenericComDefinitions160.cpp
  Il2CppGenericComDefinitions16.cpp
  Il2CppGenericComDefinitions162.cpp
  Lump_libil2cpp_os.cpp
  Il2CppGenericComDefinitions164.cpp
  Il2CppGenericComDefinitions163.cpp
  Il2CppGenericComDefinitions166.cpp
  Il2CppGenericComDefinitions165.cpp
  Il2CppGenericComDefinitions17.cpp
  Il2CppGenericComDefinitions169.cpp
  Il2CppGenericComDefinitions171.cpp
  Il2CppGenericComDefinitions168.cpp
  Il2CppGenericComDefinitions172.cpp
  Il2CppGenericComDefinitions170.cpp
  Il2CppGenericComDefinitions167.cpp
  Il2CppGenericComDefinitions173.cpp
  Il2CppGenericComDefinitions174.cpp
  Il2CppGenericComDefinitions176.cpp
  Il2CppGenericComDefinitions178.cpp
  Il2CppGenericComDefinitions175.cpp
  Il2CppGenericComDefinitions177.cpp
  Il2CppGenericComDefinitions18.cpp
  Il2CppGenericComDefinitions179.cpp
  Il2CppGenericComDefinitions180.cpp
  Il2CppGenericComDefinitions182.cpp
  Il2CppGenericComDefinitions185.cpp
  Il2CppGenericComDefinitions184.cpp
  Il2CppGenericComDefinitions183.cpp
  Il2CppGenericComDefinitions181.cpp
  Il2CppGenericComDefinitions186.cpp
  Il2CppGenericComDefinitions187.cpp
  Il2CppGenericComDefinitions19.cpp
  Il2CppGenericComDefinitions189.cpp
  Il2CppGenericComDefinitions188.cpp
  Il2CppGenericComDefinitions190.cpp
  Il2CppGenericComDefinitions191.cpp
  Il2CppGenericComDefinitions193.cpp
  Il2CppGenericComDefinitions195.cpp
  Il2CppGenericComDefinitions196.cpp
  Il2CppGenericComDefinitions197.cpp
  Il2CppGenericComDefinitions192.cpp
  Il2CppGenericComDefinitions194.cpp
  Il2CppGenericComDefinitions198.cpp
  Il2CppGenericComDefinitions2.cpp
  Il2CppGenericComDefinitions199.cpp
  Il2CppGenericComDefinitions201.cpp
  Il2CppGenericComDefinitions200.cpp
  Il2CppGenericComDefinitions20.cpp
  Il2CppGenericComDefinitions203.cpp
  Il2CppGenericComDefinitions202.cpp
  Il2CppGenericComDefinitions205.cpp
  Il2CppGenericComDefinitions204.cpp
  Il2CppGenericComDefinitions206.cpp
  Il2CppGenericComDefinitions207.cpp
  Il2CppGenericComDefinitions21.cpp
  Il2CppGenericComDefinitions208.cpp
  Il2CppGenericComDefinitions210.cpp
  Il2CppGenericComDefinitions211.cpp
  Il2CppGenericComDefinitions212.cpp
  Il2CppGenericComDefinitions214.cpp
  Il2CppGenericComDefinitions216.cpp
  Il2CppGenericComDefinitions215.cpp
  Il2CppGenericComDefinitions213.cpp
  Il2CppGenericComDefinitions217.cpp
  Il2CppGenericComDefinitions218.cpp
  Il2CppGenericComDefinitions219.cpp
  Il2CppGenericComDefinitions22.cpp
  Il2CppGenericComDefinitions220.cpp
  Il2CppGenericComDefinitions223.cpp
  Il2CppGenericComDefinitions222.cpp
  Il2CppGenericComDefinitions221.cpp
  Il2CppGenericComDefinitions224.cpp
  Il2CppGenericComDefinitions23.cpp
  Il2CppGenericComDefinitions24.cpp
  Lump_libil2cpp_vm.cpp
  Il2CppGenericComDefinitions25.cpp
  Il2CppGenericComDefinitions26.cpp
  Il2CppGenericComDefinitions27.cpp
  Il2CppGenericComDefinitions28.cpp
  Il2CppGenericComDefinitions29.cpp
  Il2CppGenericComDefinitions3.cpp
  Il2CppGenericComDefinitions33.cpp
  Il2CppGenericComDefinitions32.cpp
  Il2CppGenericComDefinitions30.cpp
  Il2CppGenericComDefinitions35.cpp
  Il2CppGenericComDefinitions31.cpp
  Il2CppGenericComDefinitions39.cpp
  Il2CppGenericComDefinitions38.cpp
  Il2CppGenericComDefinitions36.cpp
  Il2CppGenericComDefinitions34.cpp
  Il2CppGenericComDefinitions40.cpp
  Il2CppGenericComDefinitions4.cpp
  Il2CppGenericComDefinitions37.cpp
  Il2CppGenericComDefinitions41.cpp
  Il2CppGenericComDefinitions43.cpp
  Il2CppGenericComDefinitions42.cpp
  Il2CppGenericComDefinitions44.cpp
  Il2CppGenericComDefinitions46.cpp
  Il2CppGenericComDefinitions45.cpp
  Il2CppGenericComDefinitions48.cpp
  Il2CppGenericComDefinitions51.cpp
  Il2CppGenericComDefinitions50.cpp
  Il2CppGenericComDefinitions47.cpp
  Il2CppGenericComDefinitions5.cpp
  Il2CppGenericComDefinitions49.cpp
  Il2CppGenericComDefinitions54.cpp
  Il2CppGenericComDefinitions55.cpp
  Il2CppGenericComDefinitions56.cpp
  Il2CppGenericComDefinitions53.cpp
  Il2CppGenericComDefinitions52.cpp
  Il2CppGenericComDefinitions57.cpp
  Il2CppGenericComDefinitions6.cpp
  Il2CppGenericComDefinitions59.cpp
  Il2CppGenericComDefinitions60.cpp
  Il2CppGenericComDefinitions61.cpp
  Il2CppGenericComDefinitions58.cpp
  Il2CppGenericComDefinitions62.cpp
  Il2CppGenericComDefinitions63.cpp
  Il2CppGenericComDefinitions64.cpp
  Il2CppGenericComDefinitions66.cpp
  Il2CppGenericComDefinitions70.cpp
  Il2CppGenericComDefinitions67.cpp
  Il2CppGenericComDefinitions65.cpp
  Il2CppGenericComDefinitions68.cpp
  Il2CppGenericComDefinitions72.cpp
  Il2CppGenericComDefinitions69.cpp
  Il2CppGenericComDefinitions7.cpp
  Il2CppGenericComDefinitions71.cpp
  Il2CppGenericComDefinitions74.cpp
  Il2CppGenericComDefinitions73.cpp
  Il2CppGenericComDefinitions75.cpp
  Il2CppGenericComDefinitions76.cpp
  Il2CppGenericComDefinitions77.cpp
  Il2CppGenericComDefinitions82.cpp
  Il2CppGenericComDefinitions78.cpp
  Il2CppGenericComDefinitions84.cpp
  Il2CppGenericComDefinitions79.cpp
  Il2CppGenericComDefinitions80.cpp
  Il2CppGenericComDefinitions81.cpp
  Il2CppGenericComDefinitions83.cpp
  Il2CppGenericComDefinitions85.cpp
  Il2CppGenericComDefinitions86.cpp
  Il2CppGenericComDefinitions87.cpp
  Il2CppGenericComDefinitions89.cpp
  Il2CppGenericComDefinitions92.cpp
  Il2CppGenericComDefinitions88.cpp
  Il2CppGenericComDefinitions90.cpp
  Il2CppGenericComDefinitions96.cpp
  Il2CppGenericComDefinitions9.cpp
  Il2CppGenericComDefinitions94.cpp
  Il2CppGenericComDefinitions93.cpp
  Il2CppGenericComDefinitions95.cpp
  Il2CppGenericComDefinitions97.cpp
  Il2CppGenericComDefinitions98.cpp
  Il2CppGenericComDefinitions99.cpp
  Lump_libil2cpp_debugger.cpp
  il2cpp-runtime-stats.cpp
  ObjectFiles: 994 of which compiled: 994
  	Time Compile: 59819 milliseconds Il2CppCCWs121.cpp
  	Time Compile: 53180 milliseconds Il2CppCCWs7.cpp
  	Time Compile: 34413 milliseconds Il2CppCCWs59.cpp
  	Time Compile: 23151 milliseconds Generics33.cpp
  	Time Compile: 17453 milliseconds Il2CppCCWs142.cpp
  	Time Compile: 16854 milliseconds Il2CppCCWs141.cpp
  	Time Compile: 16045 milliseconds Il2CppPCCWMethods.cpp
  	Time Compile: 14808 milliseconds System2.cpp
  	Time Compile: 13600 milliseconds Generics32.cpp
  	Time Compile: 12405 milliseconds Unity.TextMeshPro4.cpp
  Total compilation time: 161372 milliseconds.
  Creating library C:\Users\Student\Documents\GitHub\Cap\033120220938\build\obj\il2cppOutputProject\ARM64\Release\linkresult_F7F53000A4531CBC6B851A29CA0B85B2\GameAssembly.lib and object C:\Users\Student\Documents\GitHub\Cap\033120220938\build\obj\il2cppOutputProject\ARM64\Release\linkresult_F7F53000A4531CBC6B851A29CA0B85B2\GameAssembly.exp
  Total link time: 34433 milliseconds.
  Cleaned up 2 object files.
